{"numFailedTestSuites":0,"numFailedTests":0,"numPassedTestSuites":1,"numPassedTests":11,"numPendingTestSuites":0,"numPendingTests":0,"numRuntimeErrorTestSuites":0,"numTodoTests":0,"numTotalTestSuites":1,"numTotalTests":11,"openHandles":[],"snapshot":{"added":0,"didUpdate":false,"failure":false,"filesAdded":0,"filesRemoved":0,"filesRemovedList":[],"filesUnmatched":0,"filesUpdated":0,"matched":11,"total":11,"unchecked":0,"uncheckedKeysByFile":[],"unmatched":0,"updated":0},"startTime":1663134473347,"success":true,"testResults":[{"assertionResults":[{"ancestorTitles":["HelloWorld component"],"failureMessages":[],"fullName":"HelloWorld component can use CSS Modules in CSS","location":null,"status":"passed","title":"can use CSS Modules in CSS"},{"ancestorTitles":["HelloWorld component"],"failureMessages":[],"fullName":"HelloWorld component can use CSS Modules in LESS","location":null,"status":"passed","title":"can use CSS Modules in LESS"},{"ancestorTitles":["HelloWorld component"],"failureMessages":[],"fullName":"HelloWorld component can use CSS Modules in SASS","location":null,"status":"passed","title":"can use CSS Modules in SASS"},{"ancestorTitles":["HelloWorld component"],"failureMessages":[],"fullName":"HelloWorld component can use CSS Modules in SCSS","location":null,"status":"passed","title":"can use CSS Modules in SCSS"},{"ancestorTitles":["HelloWorld component"],"failureMessages":[],"fullName":"HelloWorld component can use CSS Modules in Stylus","location":null,"status":"passed","title":"can use CSS Modules in Stylus"},{"ancestorTitles":["HelloWorld component"],"failureMessages":[],"fullName":"HelloWorld component can use GIFs","location":null,"status":"passed","title":"can use GIFs"},{"ancestorTitles":["HelloWorld component"],"failureMessages":[],"fullName":"HelloWorld component can use JPGs","location":null,"status":"passed","title":"can use JPGs"},{"ancestorTitles":["HelloWorld component"],"failureMessages":[],"fullName":"HelloWorld component can use PNGs","location":null,"status":"passed","title":"can use PNGs"},{"ancestorTitles":["HelloWorld component"],"failureMessages":[],"fullName":"HelloWorld component can use SVG components","location":null,"status":"passed","title":"can use SVG components"},{"ancestorTitles":["HelloWorld component"],"failureMessages":[],"fullName":"HelloWorld component can use SVG URLs","location":null,"status":"passed","title":"can use SVG URLs"},{"ancestorTitles":["HelloWorld component"],"failureMessages":[],"fullName":"HelloWorld component can use WEBPs","location":null,"status":"passed","title":"can use WEBPs"}],"endTime":1663134478981,"message":"","name":"/home/runner/work/tsdx-react-storybook-starter/tsdx-react-storybook-starter/test/HelloWorld.test.tsx","startTime":1663134473974,"status":"passed","summary":""}],"wasInterrupted":false,"coverageMap":{"/home/runner/work/tsdx-react-storybook-starter/tsdx-react-storybook-starter/src/index.tsx":{"path":"/home/runner/work/tsdx-react-storybook-starter/tsdx-react-storybook-starter/src/index.tsx","statementMap":{"0":{"start":{"line":1,"column":0},"end":{"line":1,"column":9}},"1":{"start":{"line":3,"column":9},"end":{"line":1,"column":52}}},"fnMap":{"0":{"name":"(anonymous_0)","decl":{"start":{"line":3,"column":9},"end":{"line":3,"column":19}},"loc":{"start":{"line":3,"column":9},"end":{"line":1,"column":52}}}},"branchMap":{},"s":{"0":1,"1":12},"f":{"0":11},"b":{}},"/home/runner/work/tsdx-react-storybook-starter/tsdx-react-storybook-starter/src/components/HelloWorld.tsx":{"path":"/home/runner/work/tsdx-react-storybook-starter/tsdx-react-storybook-starter/src/components/HelloWorld.tsx","statementMap":{"0":{"start":{"line":1,"column":0},"end":{"line":1,"column":33}},"1":{"start":{"line":3,"column":0},"end":{"line":3,"column":55}},"2":{"start":{"line":4,"column":0},"end":{"line":4,"column":57}},"3":{"start":{"line":5,"column":0},"end":{"line":5,"column":57}},"4":{"start":{"line":6,"column":0},"end":{"line":6,"column":57}},"5":{"start":{"line":7,"column":0},"end":{"line":7,"column":57}},"6":{"start":{"line":9,"column":0},"end":{"line":9,"column":39}},"7":{"start":{"line":10,"column":0},"end":{"line":10,"column":39}},"8":{"start":{"line":11,"column":0},"end":{"line":11,"column":39}},"9":{"start":{"line":12,"column":0},"end":{"line":12,"column":75}},"10":{"start":{"line":13,"column":0},"end":{"line":13,"column":41}},"11":{"start":{"line":30,"column":47},"end":{"line":89,"column":1}},"12":{"start":{"line":40,"column":2},"end":{"line":62,"column":null}},"13":{"start":{"line":42,"column":6},"end":{"line":42,"column":null}},"14":{"start":{"line":43,"column":6},"end":{"line":43,"column":11}},"15":{"start":{"line":45,"column":6},"end":{"line":45,"column":null}},"16":{"start":{"line":46,"column":6},"end":{"line":46,"column":11}},"17":{"start":{"line":48,"column":6},"end":{"line":48,"column":null}},"18":{"start":{"line":49,"column":6},"end":{"line":49,"column":11}},"19":{"start":{"line":51,"column":6},"end":{"line":54,"column":null}},"20":{"start":{"line":55,"column":6},"end":{"line":55,"column":11}},"21":{"start":{"line":57,"column":6},"end":{"line":57,"column":null}},"22":{"start":{"line":58,"column":6},"end":{"line":58,"column":11}},"23":{"start":{"line":60,"column":6},"end":{"line":60,"column":null}},"24":{"start":{"line":61,"column":6},"end":{"line":61,"column":11}},"25":{"start":{"line":66,"column":2},"end":{"line":81,"column":null}},"26":{"start":{"line":68,"column":6},"end":{"line":68,"column":null}},"27":{"start":{"line":69,"column":6},"end":{"line":69,"column":11}},"28":{"start":{"line":71,"column":6},"end":{"line":71,"column":null}},"29":{"start":{"line":72,"column":6},"end":{"line":72,"column":11}},"30":{"start":{"line":74,"column":6},"end":{"line":74,"column":null}},"31":{"start":{"line":75,"column":6},"end":{"line":75,"column":11}},"32":{"start":{"line":77,"column":6},"end":{"line":77,"column":null}},"33":{"start":{"line":78,"column":6},"end":{"line":78,"column":11}},"34":{"start":{"line":80,"column":6},"end":{"line":80,"column":null}},"35":{"start":{"line":83,"column":2},"end":{"line":88,"column":null}},"36":{"start":{"line":30,"column":13},"end":{"line":30,"column":47}}},"fnMap":{"0":{"name":"(anonymous_0)","decl":{"start":{"line":30,"column":47},"end":{"line":30,"column":48}},"loc":{"start":{"line":37,"column":5},"end":{"line":89,"column":1}}}},"branchMap":{"0":{"loc":{"start":{"line":31,"column":2},"end":{"line":31,"column":20}},"type":"default-arg","locations":[{"start":{"line":31,"column":13},"end":{"line":31,"column":20}}]},"1":{"loc":{"start":{"line":32,"column":2},"end":{"line":32,"column":19}},"type":"default-arg","locations":[{"start":{"line":32,"column":12},"end":{"line":32,"column":19}}]},"2":{"loc":{"start":{"line":33,"column":2},"end":{"line":33,"column":17}},"type":"default-arg","locations":[{"start":{"line":33,"column":13},"end":{"line":33,"column":17}}]},"3":{"loc":{"start":{"line":34,"column":2},"end":{"line":34,"column":23}},"type":"default-arg","locations":[{"start":{"line":34,"column":12},"end":{"line":34,"column":23}}]},"4":{"loc":{"start":{"line":35,"column":2},"end":{"line":35,"column":29}},"type":"default-arg","locations":[{"start":{"line":35,"column":15},"end":{"line":35,"column":29}}]},"5":{"loc":{"start":{"line":36,"column":2},"end":{"line":36,"column":23}},"type":"default-arg","locations":[{"start":{"line":36,"column":18},"end":{"line":36,"column":23}}]},"6":{"loc":{"start":{"line":40,"column":2},"end":{"line":62,"column":null}},"type":"switch","locations":[{"start":{"line":41,"column":4},"end":{"line":43,"column":11}},{"start":{"line":44,"column":4},"end":{"line":46,"column":11}},{"start":{"line":47,"column":4},"end":{"line":49,"column":11}},{"start":{"line":50,"column":4},"end":{"line":55,"column":11}},{"start":{"line":56,"column":4},"end":{"line":58,"column":11}},{"start":{"line":59,"column":4},"end":{"line":61,"column":11}}]},"7":{"loc":{"start":{"line":51,"column":13},"end":{"line":54,"column":53}},"type":"cond-expr","locations":[{"start":{"line":54,"column":11},"end":{"line":54,"column":52}}]},"8":{"loc":{"start":{"line":66,"column":2},"end":{"line":81,"column":null}},"type":"switch","locations":[{"start":{"line":67,"column":4},"end":{"line":69,"column":11}},{"start":{"line":70,"column":4},"end":{"line":72,"column":11}},{"start":{"line":73,"column":4},"end":{"line":75,"column":11}},{"start":{"line":76,"column":4},"end":{"line":78,"column":11}},{"start":{"line":79,"column":4},"end":{"line":80,"column":null}}]}},"s":{"0":1,"1":1,"2":1,"3":1,"4":1,"5":1,"6":1,"7":1,"8":1,"9":1,"10":1,"11":1,"12":11,"13":1,"14":1,"15":1,"16":1,"17":1,"18":1,"19":6,"20":6,"21":1,"22":1,"23":1,"24":1,"25":11,"26":7,"27":7,"28":1,"29":1,"30":1,"31":1,"32":1,"33":1,"34":1,"35":11,"36":1},"f":{"0":11},"b":{"0":[11],"1":[11],"2":[11],"3":[11],"4":[5],"5":[7],"6":[1,1,1,6,1,1],"7":[6],"8":[7,1,1,1,1]}}}}